<?xml version="1.0" encoding="UTF-8" standalone="no"?><testsuite errors="2" failures="0" name="Como usuario de la tienda EXITO, quiero agregar productos al carrito," skipped="0" tests="2" time="0.13" timestamp="2024-01-13 06:48:52"><testcase name="[TEST-001] - Validar registro de cuenta de Usuario"><error message="Could not start a new session. Response code 500. Message: An unknown server-side error occurred while processing the command. Original error: Cannot start the 'com.exito.appcompania' application. Visit https://github.com/appium/appium/blob/master/docs/en/writing-running-appium/android/activity-startup.md for troubleshooting. Original error: 'com.exito.appcompania.views.initialaccess.activities.SplashActivity' or 'com.exito.appcompania.com.exito.appcompania.views.initialaccess.activities.SplashActivity' never started. Visit https://github.com/appium/appium/blob/master/docs/en/writing-running-appium/android/activity-startup.md for troubleshooting &#10;Host info: host: 'LAPTOP-HERBERT', ip: '192.168.1.41'&#10;Build info: version: '4.5.3', revision: '4b786a1e430'&#10;System info: os.name: 'Windows 10', os.arch: 'amd64', os.version: '10.0', java.version: '11.0.18'&#10;Driver info: io.appium.java_client.android.AndroidDriver&#10;Command: [null, newSession {capabilities=[{appium:app=D:\Proyectos\TestAndroidExito\src\test\resources\com_exito_appcompania_v3.5.15.apk, appium:ensureWebviewsHavePages=true, appium:automationName=uiautomator2, appium:deviceName=PIXEL2, platformName=ANDROID, appium:platformVersion=11.0}], desiredCapabilities=Capabilities {appium:app: D:\Proyectos\TestAndroidExi..., appium:ensureWebviewsHavePages: true, automationName: uiautomator2, deviceName: PIXEL2, platformName: ANDROID, platformVersion: 11.0}}]&#10;Capabilities {}" type="org.openqa.selenium.SessionNotCreatedException">Could not start a new session. Response code 500. Message: An unknown server-side error occurred while processing the command. Original error: Cannot start the 'com.exito.appcompania' application. Visit https://github.com/appium/appium/blob/master/docs/en/writing-running-appium/android/activity-startup.md for troubleshooting. Original error: 'com.exito.appcompania.views.initialaccess.activities.SplashActivity' or 'com.exito.appcompania.com.exito.appcompania.views.initialaccess.activities.SplashActivity' never started. Visit https://github.com/appium/appium/blob/master/docs/en/writing-running-appium/android/activity-startup.md for troubleshooting 
Host info: host: 'LAPTOP-HERBERT', ip: '192.168.1.41'
Build info: version: '4.5.3', revision: '4b786a1e430'
System info: os.name: 'Windows 10', os.arch: 'amd64', os.version: '10.0', java.version: '11.0.18'
Driver info: io.appium.java_client.android.AndroidDriver
Command: [null, newSession {capabilities=[{appium:app=D:\Proyectos\TestAndroidExito\src\test\resources\com_exito_appcompania_v3.5.15.apk, appium:ensureWebviewsHavePages=true, appium:automationName=uiautomator2, appium:deviceName=PIXEL2, platformName=ANDROID, appium:platformVersion=11.0}], desiredCapabilities=Capabilities {appium:app: D:\Proyectos\TestAndroidExi..., appium:ensureWebviewsHavePages: true, automationName: uiautomator2, deviceName: PIXEL2, platformName: ANDROID, platformVersion: 11.0}}]
Capabilities {}</error><system-err>Could not start a new session. Response code 500. Message: An unknown server-side error occurred while processing the command. Original error: Cannot start the 'com.exito.appcompania' application. Visit https://github.com/appium/appium/blob/master/docs/en/writing-running-appium/android/activity-startup.md for troubleshooting. Original error: 'com.exito.appcompania.views.initialaccess.activities.SplashActivity' or 'com.exito.appcompania.com.exito.appcompania.views.initialaccess.activities.SplashActivity' never started. Visit https://github.com/appium/appium/blob/master/docs/en/writing-running-appium/android/activity-startup.md for troubleshooting 
Host info: host: 'LAPTOP-HERBERT', ip: '192.168.1.41'
Build info: version: '4.5.3', revision: '4b786a1e430'
System info: os.name: 'Windows 10', os.arch: 'amd64', os.version: '10.0', java.version: '11.0.18'
Driver info: io.appium.java_client.android.AndroidDriver
Command: [null, newSession {capabilities=[{appium:app=D:\Proyectos\TestAndroidExito\src\test\resources\com_exito_appcompania_v3.5.15.apk, appium:ensureWebviewsHavePages=true, appium:automationName=uiautomator2, appium:deviceName=PIXEL2, platformName=ANDROID, appium:platformVersion=11.0}], desiredCapabilities=Capabilities {appium:app: D:\Proyectos\TestAndroidExi..., appium:ensureWebviewsHavePages: true, automationName: uiautomator2, deviceName: PIXEL2, platformName: ANDROID, platformVersion: 11.0}}]
Capabilities {}&#13;
io.appium.java_client.remote.AppiumProtocolHandshake.createSession(AppiumProtocolHandshake.java:126)&#13;
io.appium.java_client.remote.AppiumProtocolHandshake.createSession(AppiumProtocolHandshake.java:102)&#13;
io.appium.java_client.remote.AppiumCommandExecutor.createSession(AppiumCommandExecutor.java:194)&#13;
io.appium.java_client.remote.AppiumCommandExecutor.execute(AppiumCommandExecutor.java:262)&#13;
io.appium.java_client.AppiumDriver.startSession(AppiumDriver.java:229)&#13;
io.appium.java_client.AppiumDriver.&lt;init&gt;(AppiumDriver.java:80)&#13;
io.appium.java_client.AppiumDriver.&lt;init&gt;(AppiumDriver.java:92)&#13;
io.appium.java_client.android.AndroidDriver.&lt;init&gt;(AndroidDriver.java:117)&#13;
steps.conf.Hooks.setup(Hooks.java:42)&#13;
</system-err></testcase><testcase name="[TEST-002] - Validar inicio de sesion de la cuenta de Usuario"><error message="Could not start a new session. Response code 500. Message: An unknown server-side error occurred while processing the command. Original error: Cannot start the 'com.exito.appcompania' application. Visit https://github.com/appium/appium/blob/master/docs/en/writing-running-appium/android/activity-startup.md for troubleshooting. Original error: 'com.exito.appcompania.views.initialaccess.activities.SplashActivity' or 'com.exito.appcompania.com.exito.appcompania.views.initialaccess.activities.SplashActivity' never started. Visit https://github.com/appium/appium/blob/master/docs/en/writing-running-appium/android/activity-startup.md for troubleshooting &#10;Host info: host: 'LAPTOP-HERBERT', ip: '192.168.1.41'&#10;Build info: version: '4.5.3', revision: '4b786a1e430'&#10;System info: os.name: 'Windows 10', os.arch: 'amd64', os.version: '10.0', java.version: '11.0.18'&#10;Driver info: io.appium.java_client.android.AndroidDriver&#10;Command: [null, newSession {capabilities=[{appium:app=D:\Proyectos\TestAndroidExito\src\test\resources\com_exito_appcompania_v3.5.15.apk, appium:ensureWebviewsHavePages=true, appium:automationName=uiautomator2, appium:deviceName=PIXEL2, platformName=ANDROID, appium:platformVersion=11.0}], desiredCapabilities=Capabilities {appium:app: D:\Proyectos\TestAndroidExi..., appium:ensureWebviewsHavePages: true, automationName: uiautomator2, deviceName: PIXEL2, platformName: ANDROID, platformVersion: 11.0}}]&#10;Capabilities {}" type="org.openqa.selenium.SessionNotCreatedException">Could not start a new session. Response code 500. Message: An unknown server-side error occurred while processing the command. Original error: Cannot start the 'com.exito.appcompania' application. Visit https://github.com/appium/appium/blob/master/docs/en/writing-running-appium/android/activity-startup.md for troubleshooting. Original error: 'com.exito.appcompania.views.initialaccess.activities.SplashActivity' or 'com.exito.appcompania.com.exito.appcompania.views.initialaccess.activities.SplashActivity' never started. Visit https://github.com/appium/appium/blob/master/docs/en/writing-running-appium/android/activity-startup.md for troubleshooting 
Host info: host: 'LAPTOP-HERBERT', ip: '192.168.1.41'
Build info: version: '4.5.3', revision: '4b786a1e430'
System info: os.name: 'Windows 10', os.arch: 'amd64', os.version: '10.0', java.version: '11.0.18'
Driver info: io.appium.java_client.android.AndroidDriver
Command: [null, newSession {capabilities=[{appium:app=D:\Proyectos\TestAndroidExito\src\test\resources\com_exito_appcompania_v3.5.15.apk, appium:ensureWebviewsHavePages=true, appium:automationName=uiautomator2, appium:deviceName=PIXEL2, platformName=ANDROID, appium:platformVersion=11.0}], desiredCapabilities=Capabilities {appium:app: D:\Proyectos\TestAndroidExi..., appium:ensureWebviewsHavePages: true, automationName: uiautomator2, deviceName: PIXEL2, platformName: ANDROID, platformVersion: 11.0}}]
Capabilities {}</error><system-err>Could not start a new session. Response code 500. Message: An unknown server-side error occurred while processing the command. Original error: Cannot start the 'com.exito.appcompania' application. Visit https://github.com/appium/appium/blob/master/docs/en/writing-running-appium/android/activity-startup.md for troubleshooting. Original error: 'com.exito.appcompania.views.initialaccess.activities.SplashActivity' or 'com.exito.appcompania.com.exito.appcompania.views.initialaccess.activities.SplashActivity' never started. Visit https://github.com/appium/appium/blob/master/docs/en/writing-running-appium/android/activity-startup.md for troubleshooting 
Host info: host: 'LAPTOP-HERBERT', ip: '192.168.1.41'
Build info: version: '4.5.3', revision: '4b786a1e430'
System info: os.name: 'Windows 10', os.arch: 'amd64', os.version: '10.0', java.version: '11.0.18'
Driver info: io.appium.java_client.android.AndroidDriver
Command: [null, newSession {capabilities=[{appium:app=D:\Proyectos\TestAndroidExito\src\test\resources\com_exito_appcompania_v3.5.15.apk, appium:ensureWebviewsHavePages=true, appium:automationName=uiautomator2, appium:deviceName=PIXEL2, platformName=ANDROID, appium:platformVersion=11.0}], desiredCapabilities=Capabilities {appium:app: D:\Proyectos\TestAndroidExi..., appium:ensureWebviewsHavePages: true, automationName: uiautomator2, deviceName: PIXEL2, platformName: ANDROID, platformVersion: 11.0}}]
Capabilities {}&#13;
io.appium.java_client.remote.AppiumProtocolHandshake.createSession(AppiumProtocolHandshake.java:126)&#13;
io.appium.java_client.remote.AppiumProtocolHandshake.createSession(AppiumProtocolHandshake.java:102)&#13;
io.appium.java_client.remote.AppiumCommandExecutor.createSession(AppiumCommandExecutor.java:194)&#13;
io.appium.java_client.remote.AppiumCommandExecutor.execute(AppiumCommandExecutor.java:262)&#13;
io.appium.java_client.AppiumDriver.startSession(AppiumDriver.java:229)&#13;
io.appium.java_client.AppiumDriver.&lt;init&gt;(AppiumDriver.java:80)&#13;
io.appium.java_client.AppiumDriver.&lt;init&gt;(AppiumDriver.java:92)&#13;
io.appium.java_client.android.AndroidDriver.&lt;init&gt;(AndroidDriver.java:117)&#13;
steps.conf.Hooks.setup(Hooks.java:42)&#13;
</system-err></testcase></testsuite>